State 1 conflicts: 2 reduce/reduce
State 3 conflicts: 1 shift/reduce
State 6 conflicts: 1 shift/reduce
State 9 conflicts: 1 reduce/reduce
State 10 conflicts: 1 reduce/reduce
State 14 conflicts: 3 reduce/reduce
State 16 conflicts: 2 reduce/reduce
State 17 conflicts: 1 shift/reduce
State 20 conflicts: 1 shift/reduce
State 21 conflicts: 4 shift/reduce
State 23 conflicts: 1 shift/reduce
State 24 conflicts: 1 reduce/reduce
State 28 conflicts: 1 shift/reduce
State 31 conflicts: 1 reduce/reduce
State 32 conflicts: 3 shift/reduce
State 35 conflicts: 13 shift/reduce, 1 reduce/reduce
State 36 conflicts: 3 shift/reduce
State 40 conflicts: 1 shift/reduce, 2 reduce/reduce
State 44 conflicts: 1 shift/reduce
State 47 conflicts: 2 reduce/reduce
State 48 conflicts: 1 shift/reduce
State 53 conflicts: 13 shift/reduce, 2 reduce/reduce
State 54 conflicts: 1 shift/reduce
State 55 conflicts: 1 shift/reduce
State 58 conflicts: 3 reduce/reduce
State 70 conflicts: 13 shift/reduce, 2 reduce/reduce
State 78 conflicts: 1 shift/reduce
State 96 conflicts: 15 reduce/reduce
State 98 conflicts: 15 reduce/reduce
State 100 conflicts: 1 shift/reduce
State 102 conflicts: 1 shift/reduce, 2 reduce/reduce
State 122 conflicts: 2 reduce/reduce
State 130 conflicts: 1 shift/reduce
State 140 conflicts: 1 shift/reduce
State 143 conflicts: 1 shift/reduce
State 145 conflicts: 15 reduce/reduce
State 147 conflicts: 15 reduce/reduce
State 149 conflicts: 15 reduce/reduce
State 151 conflicts: 15 reduce/reduce
State 153 conflicts: 15 reduce/reduce
State 155 conflicts: 15 reduce/reduce
State 157 conflicts: 15 reduce/reduce
State 159 conflicts: 15 reduce/reduce
State 162 conflicts: 1 shift/reduce
State 167 conflicts: 13 shift/reduce
State 168 conflicts: 13 shift/reduce
State 169 conflicts: 13 shift/reduce
State 170 conflicts: 13 shift/reduce
State 171 conflicts: 13 shift/reduce
State 172 conflicts: 13 shift/reduce
State 173 conflicts: 13 shift/reduce
State 174 conflicts: 13 shift/reduce
State 186 conflicts: 13 shift/reduce


Grammar

    0 $accept: Program $end

    1 Program: ExtDefList
    2        | error

    3 ExtDefList: ExtDef ExtDefList
    4           | %empty
    5           | error

    6 ExtDef: Specifier ExtDecList SEMI
    7       | Specifier SEMI
    8       | Specifier FunDec CompSt
    9       | Specifier ExtDecList error
   10       | error

   11 ExtDecList: VarDec
   12           | VarDec COMMA ExtDecList
   13           | VarDec error ExtDefList
   14           | error

   15 Specifier: TYPE
   16          | StructSpecifier
   17          | error

   18 StructSpecifier: STRUCT OptTag LC DefList RC
   19                | STRUCT Tag
   20                | STRUCT OptTag LC DefList error
   21                | STRUCT OptTag error DefList RC

   22 OptTag: ID
   23       | %empty
   24       | error

   25 Tag: ID
   26    | error

   27 VarDec: ID
   28       | VarDec LB INT RB
   29       | ID error
   30       | VarDec LB error RB
   31       | VarDec LB INT error
   32       | VarDec error INT
   33       | error

   34 FunDec: ID LP VarList RP
   35       | ID LP RP
   36       | ID LP VarList error
   37       | ID LP error RP
   38       | ID error
   39       | error

   40 VarList: ParamDec COMMA VarList
   41        | ParamDec
   42        | ParamDec error VarList
   43        | error

   44 ParamDec: Specifier VarDec
   45         | error

   46 CompSt: LC DefList StmtList RC
   47       | LC DefList StmtList error
   48       | LC error RC
   49       | DefList StmtList RC
   50       | error

   51 StmtList: Stmt StmtList
   52         | %empty

   53 Stmt: Exp SEMI
   54     | CompSt
   55     | RETURN Exp SEMI
   56     | IF LP Exp RP Stmt
   57     | IF LP Exp RP Stmt ELSE Stmt
   58     | WHILE LP Exp RP Stmt
   59     | Exp error
   60     | RETURN Exp error
   61     | RETURN error SEMI
   62     | RETURN error
   63     | IF LP Exp error Stmt
   64     | IF LP error RP Stmt
   65     | IF error Exp RP Stmt
   66     | WHILE LP Exp error Stmt
   67     | WHILE LP error RP Stmt
   68     | WHILE error Exp RP Stmt

   69 DefList: Def DefList
   70        | %empty

   71 Def: Specifier DecList SEMI
   72    | Specifier error SEMI
   73    | Specifier DecList error

   74 DecList: Dec
   75        | Dec COMMA DecList

   76 Dec: VarDec
   77    | VarDec ASSIGNOP Exp

   78 Exp: Exp ASSIGNOP Exp
   79    | Exp AND Exp
   80    | Exp OR Exp
   81    | Exp RELOP Exp
   82    | Exp PLUS Exp
   83    | Exp MINUS Exp
   84    | Exp STAR Exp
   85    | Exp DIV Exp
   86    | LP Exp RP
   87    | MINUS Exp
   88    | NOT Exp
   89    | ID LP Args RP
   90    | ID LP RP
   91    | Exp LB Exp RB
   92    | Exp DOT ID
   93    | ID
   94    | INT
   95    | FLOAT
   96    | Exp ASSIGNOP error
   97    | Exp AND error
   98    | Exp OR error
   99    | Exp RELOP error
  100    | Exp PLUS error
  101    | Exp MINUS error
  102    | Exp STAR error
  103    | Exp DIV error
  104    | LP error RP
  105    | MINUS error
  106    | NOT error
  107    | ID LP error RP
  108    | Exp LB error RB
  109    | error

  110 Args: Exp COMMA Args
  111     | Exp


Terminals, with rules where they appear

$end (0) 0
error (256) 2 5 9 10 13 14 17 20 21 24 26 29 30 31 32 33 36 37 38 39
    42 43 45 47 48 50 59 60 61 62 63 64 65 66 67 68 72 73 96 97 98
    99 100 101 102 103 104 105 106 107 108 109
INT (258) 28 31 32 94
FLOAT (259) 95
ID (260) 22 25 27 29 34 35 36 37 38 89 90 92 93 107
SEMI (261) 6 7 53 55 61 71 72
COMMA (262) 12 40 75 110
ASSIGNOP (263) 77 78 96
RELOP (264) 81 99
PLUS (265) 82 100
MINUS (266) 83 87 101 105
STAR (267) 84 102
DIV (268) 85 103
AND (269) 79 97
OR (270) 80 98
DOT (271) 92
NOT (272) 88 106
TYPE (273) 15
LP (274) 34 35 36 37 56 57 58 63 64 66 67 86 89 90 104 107
RP (275) 34 35 37 56 57 58 64 65 67 68 86 89 90 104 107
LB (276) 28 30 31 91 108
RB (277) 28 30 91 108
LC (278) 18 20 46 47 48
RC (279) 18 21 46 48 49
STRUCT (280) 18 19 20 21
RETURN (281) 55 60 61 62
IF (282) 56 57 63 64 65
ELSE (283) 57
WHILE (284) 58 66 67 68
NEG (285)
LOWER_THAN_ELSE (286)


Nonterminals, with rules where they appear

$accept (32)
    on left: 0
Program (33)
    on left: 1 2, on right: 0
ExtDefList (34)
    on left: 3 4 5, on right: 1 3 13
ExtDef (35)
    on left: 6 7 8 9 10, on right: 3
ExtDecList (36)
    on left: 11 12 13 14, on right: 6 9 12
Specifier (37)
    on left: 15 16 17, on right: 6 7 8 9 44 71 72 73
StructSpecifier (38)
    on left: 18 19 20 21, on right: 16
OptTag (39)
    on left: 22 23 24, on right: 18 20 21
Tag (40)
    on left: 25 26, on right: 19
VarDec (41)
    on left: 27 28 29 30 31 32 33, on right: 11 12 13 28 30 31 32 44
    76 77
FunDec (42)
    on left: 34 35 36 37 38 39, on right: 8
VarList (43)
    on left: 40 41 42 43, on right: 34 36 40 42
ParamDec (44)
    on left: 44 45, on right: 40 41 42
CompSt (45)
    on left: 46 47 48 49 50, on right: 8 54
StmtList (46)
    on left: 51 52, on right: 46 47 49 51
Stmt (47)
    on left: 53 54 55 56 57 58 59 60 61 62 63 64 65 66 67 68, on right:
    51 56 57 58 63 64 65 66 67 68
DefList (48)
    on left: 69 70, on right: 18 20 21 46 47 49 69
Def (49)
    on left: 71 72 73, on right: 69
DecList (50)
    on left: 74 75, on right: 71 73 75
Dec (51)
    on left: 76 77, on right: 74 75
Exp (52)
    on left: 78 79 80 81 82 83 84 85 86 87 88 89 90 91 92 93 94 95
    96 97 98 99 100 101 102 103 104 105 106 107 108 109, on right:
    53 55 56 57 58 59 60 63 65 66 68 77 78 79 80 81 82 83 84 85 86
    87 88 91 92 96 97 98 99 100 101 102 103 108 110 111
Args (53)
    on left: 110 111, on right: 89 110


State 0

    0 $accept: . Program $end

    error   shift, and go to state 1
    TYPE    shift, and go to state 2
    STRUCT  shift, and go to state 3

    $end  reduce using rule 4 (ExtDefList)

    Program          go to state 4
    ExtDefList       go to state 5
    ExtDef           go to state 6
    Specifier        go to state 7
    StructSpecifier  go to state 8


State 1

    2 Program: error .
    5 ExtDefList: error .
   10 ExtDef: error .
   17 Specifier: error .

    $end      reduce using rule 2 (Program)
    $end      [reduce using rule 5 (ExtDefList)]
    $end      [reduce using rule 10 (ExtDef)]
    error     reduce using rule 10 (ExtDef)
    error     [reduce using rule 17 (Specifier)]
    ID        reduce using rule 17 (Specifier)
    SEMI      reduce using rule 17 (Specifier)
    $default  reduce using rule 10 (ExtDef)


State 2

   15 Specifier: TYPE .

    $default  reduce using rule 15 (Specifier)


State 3

   18 StructSpecifier: STRUCT . OptTag LC DefList RC
   19                | STRUCT . Tag
   20                | STRUCT . OptTag LC DefList error
   21                | STRUCT . OptTag error DefList RC

    error  shift, and go to state 9
    ID     shift, and go to state 10

    error  [reduce using rule 23 (OptTag)]
    LC     reduce using rule 23 (OptTag)

    OptTag  go to state 11
    Tag     go to state 12


State 4

    0 $accept: Program . $end

    $end  shift, and go to state 13


State 5

    1 Program: ExtDefList .

    $default  reduce using rule 1 (Program)


State 6

    3 ExtDefList: ExtDef . ExtDefList

    error   shift, and go to state 14
    TYPE    shift, and go to state 2
    STRUCT  shift, and go to state 3

    $end   reduce using rule 4 (ExtDefList)
    error  [reduce using rule 4 (ExtDefList)]
    SEMI   reduce using rule 4 (ExtDefList)

    ExtDefList       go to state 15
    ExtDef           go to state 6
    Specifier        go to state 7
    StructSpecifier  go to state 8


State 7

    6 ExtDef: Specifier . ExtDecList SEMI
    7       | Specifier . SEMI
    8       | Specifier . FunDec CompSt
    9       | Specifier . ExtDecList error

    error  shift, and go to state 16
    ID     shift, and go to state 17
    SEMI   shift, and go to state 18

    ExtDecList  go to state 19
    VarDec      go to state 20
    FunDec      go to state 21


State 8

   16 Specifier: StructSpecifier .

    $default  reduce using rule 16 (Specifier)


State 9

   24 OptTag: error .
   26 Tag: error .

    error     reduce using rule 24 (OptTag)
    error     [reduce using rule 26 (Tag)]
    ID        reduce using rule 26 (Tag)
    SEMI      reduce using rule 26 (Tag)
    $default  reduce using rule 24 (OptTag)


State 10

   22 OptTag: ID .
   25 Tag: ID .

    error     reduce using rule 22 (OptTag)
    error     [reduce using rule 25 (Tag)]
    ID        reduce using rule 25 (Tag)
    SEMI      reduce using rule 25 (Tag)
    $default  reduce using rule 22 (OptTag)


State 11

   18 StructSpecifier: STRUCT OptTag . LC DefList RC
   20                | STRUCT OptTag . LC DefList error
   21                | STRUCT OptTag . error DefList RC

    error  shift, and go to state 22
    LC     shift, and go to state 23


State 12

   19 StructSpecifier: STRUCT Tag .

    $default  reduce using rule 19 (StructSpecifier)


State 13

    0 $accept: Program $end .

    $default  accept


State 14

    5 ExtDefList: error .
   10 ExtDef: error .
   17 Specifier: error .

    $end      reduce using rule 5 (ExtDefList)
    $end      [reduce using rule 10 (ExtDef)]
    error     reduce using rule 5 (ExtDefList)
    error     [reduce using rule 10 (ExtDef)]
    error     [reduce using rule 17 (Specifier)]
    ID        reduce using rule 17 (Specifier)
    SEMI      reduce using rule 5 (ExtDefList)
    SEMI      [reduce using rule 10 (ExtDef)]
    SEMI      [reduce using rule 17 (Specifier)]
    TYPE      reduce using rule 10 (ExtDef)
    STRUCT    reduce using rule 10 (ExtDef)
    $default  reduce using rule 5 (ExtDefList)


State 15

    3 ExtDefList: ExtDef ExtDefList .

    $default  reduce using rule 3 (ExtDefList)


State 16

   14 ExtDecList: error .
   33 VarDec: error .
   39 FunDec: error .

    error     reduce using rule 14 (ExtDecList)
    error     [reduce using rule 33 (VarDec)]
    error     [reduce using rule 39 (FunDec)]
    SEMI      reduce using rule 14 (ExtDecList)
    SEMI      [reduce using rule 33 (VarDec)]
    COMMA     reduce using rule 33 (VarDec)
    LB        reduce using rule 33 (VarDec)
    $default  reduce using rule 39 (FunDec)


State 17

   27 VarDec: ID .
   29       | ID . error
   34 FunDec: ID . LP VarList RP
   35       | ID . LP RP
   36       | ID . LP VarList error
   37       | ID . LP error RP
   38       | ID . error

    error  shift, and go to state 24
    LP     shift, and go to state 25

    error  [reduce using rule 27 (VarDec)]
    SEMI   reduce using rule 27 (VarDec)
    COMMA  reduce using rule 27 (VarDec)
    LB     reduce using rule 27 (VarDec)


State 18

    7 ExtDef: Specifier SEMI .

    $default  reduce using rule 7 (ExtDef)


State 19

    6 ExtDef: Specifier ExtDecList . SEMI
    9       | Specifier ExtDecList . error

    error  shift, and go to state 26
    SEMI   shift, and go to state 27


State 20

   11 ExtDecList: VarDec .
   12           | VarDec . COMMA ExtDecList
   13           | VarDec . error ExtDefList
   28 VarDec: VarDec . LB INT RB
   30       | VarDec . LB error RB
   31       | VarDec . LB INT error
   32       | VarDec . error INT

    error  shift, and go to state 28
    COMMA  shift, and go to state 29
    LB     shift, and go to state 30

    error  [reduce using rule 11 (ExtDecList)]
    SEMI   reduce using rule 11 (ExtDecList)


State 21

    8 ExtDef: Specifier FunDec . CompSt

    error   shift, and go to state 31
    TYPE    shift, and go to state 2
    LC      shift, and go to state 32
    STRUCT  shift, and go to state 3

    error   [reduce using rule 70 (DefList)]
    INT     reduce using rule 70 (DefList)
    FLOAT   reduce using rule 70 (DefList)
    ID      reduce using rule 70 (DefList)
    MINUS   reduce using rule 70 (DefList)
    NOT     reduce using rule 70 (DefList)
    TYPE    [reduce using rule 70 (DefList)]
    LP      reduce using rule 70 (DefList)
    LC      [reduce using rule 70 (DefList)]
    RC      reduce using rule 70 (DefList)
    STRUCT  [reduce using rule 70 (DefList)]
    RETURN  reduce using rule 70 (DefList)
    IF      reduce using rule 70 (DefList)
    WHILE   reduce using rule 70 (DefList)

    Specifier        go to state 33
    StructSpecifier  go to state 8
    CompSt           go to state 34
    DefList          go to state 35
    Def              go to state 36


State 22

   21 StructSpecifier: STRUCT OptTag error . DefList RC

    error   shift, and go to state 37
    TYPE    shift, and go to state 2
    STRUCT  shift, and go to state 3

    RC  reduce using rule 70 (DefList)

    Specifier        go to state 33
    StructSpecifier  go to state 8
    DefList          go to state 38
    Def              go to state 36


State 23

   18 StructSpecifier: STRUCT OptTag LC . DefList RC
   20                | STRUCT OptTag LC . DefList error

    error   shift, and go to state 37
    TYPE    shift, and go to state 2
    STRUCT  shift, and go to state 3

    error  [reduce using rule 70 (DefList)]
    RC     reduce using rule 70 (DefList)

    Specifier        go to state 33
    StructSpecifier  go to state 8
    DefList          go to state 39
    Def              go to state 36


State 24

   29 VarDec: ID error .
   38 FunDec: ID error .

    error     reduce using rule 29 (VarDec)
    error     [reduce using rule 38 (FunDec)]
    SEMI      reduce using rule 29 (VarDec)
    COMMA     reduce using rule 29 (VarDec)
    LB        reduce using rule 29 (VarDec)
    $default  reduce using rule 38 (FunDec)


State 25

   34 FunDec: ID LP . VarList RP
   35       | ID LP . RP
   36       | ID LP . VarList error
   37       | ID LP . error RP

    error   shift, and go to state 40
    TYPE    shift, and go to state 2
    RP      shift, and go to state 41
    STRUCT  shift, and go to state 3

    Specifier        go to state 42
    StructSpecifier  go to state 8
    VarList          go to state 43
    ParamDec         go to state 44


State 26

    9 ExtDef: Specifier ExtDecList error .

    $default  reduce using rule 9 (ExtDef)


State 27

    6 ExtDef: Specifier ExtDecList SEMI .

    $default  reduce using rule 6 (ExtDef)


State 28

   13 ExtDecList: VarDec error . ExtDefList
   32 VarDec: VarDec error . INT

    error   shift, and go to state 14
    INT     shift, and go to state 45
    TYPE    shift, and go to state 2
    STRUCT  shift, and go to state 3

    error  [reduce using rule 4 (ExtDefList)]
    SEMI   reduce using rule 4 (ExtDefList)

    ExtDefList       go to state 46
    ExtDef           go to state 6
    Specifier        go to state 7
    StructSpecifier  go to state 8


State 29

   12 ExtDecList: VarDec COMMA . ExtDecList

    error  shift, and go to state 47
    ID     shift, and go to state 48

    ExtDecList  go to state 49
    VarDec      go to state 20


State 30

   28 VarDec: VarDec LB . INT RB
   30       | VarDec LB . error RB
   31       | VarDec LB . INT error

    error  shift, and go to state 50
    INT    shift, and go to state 51


State 31

   17 Specifier: error .
   50 CompSt: error .

    error     reduce using rule 17 (Specifier)
    error     [reduce using rule 50 (CompSt)]
    ID        reduce using rule 17 (Specifier)
    $default  reduce using rule 50 (CompSt)


State 32

   46 CompSt: LC . DefList StmtList RC
   47       | LC . DefList StmtList error
   48       | LC . error RC

    error   shift, and go to state 52
    TYPE    shift, and go to state 2
    STRUCT  shift, and go to state 3

    error   [reduce using rule 70 (DefList)]
    INT     reduce using rule 70 (DefList)
    FLOAT   reduce using rule 70 (DefList)
    ID      reduce using rule 70 (DefList)
    MINUS   reduce using rule 70 (DefList)
    NOT     reduce using rule 70 (DefList)
    TYPE    [reduce using rule 70 (DefList)]
    LP      reduce using rule 70 (DefList)
    LC      reduce using rule 70 (DefList)
    RC      reduce using rule 70 (DefList)
    STRUCT  [reduce using rule 70 (DefList)]
    RETURN  reduce using rule 70 (DefList)
    IF      reduce using rule 70 (DefList)
    WHILE   reduce using rule 70 (DefList)

    Specifier        go to state 33
    StructSpecifier  go to state 8
    DefList          go to state 53
    Def              go to state 36


State 33

   71 Def: Specifier . DecList SEMI
   72    | Specifier . error SEMI
   73    | Specifier . DecList error

    error  shift, and go to state 54
    ID     shift, and go to state 48

    VarDec   go to state 55
    DecList  go to state 56
    Dec      go to state 57


State 34

    8 ExtDef: Specifier FunDec CompSt .

    $default  reduce using rule 8 (ExtDef)


State 35

   49 CompSt: DefList . StmtList RC

    error   shift, and go to state 58
    INT     shift, and go to state 59
    FLOAT   shift, and go to state 60
    ID      shift, and go to state 61
    MINUS   shift, and go to state 62
    NOT     shift, and go to state 63
    TYPE    shift, and go to state 2
    LP      shift, and go to state 64
    LC      shift, and go to state 32
    STRUCT  shift, and go to state 3
    RETURN  shift, and go to state 65
    IF      shift, and go to state 66
    WHILE   shift, and go to state 67

    error   [reduce using rule 70 (DefList)]
    INT     [reduce using rule 70 (DefList)]
    FLOAT   [reduce using rule 70 (DefList)]
    ID      [reduce using rule 70 (DefList)]
    MINUS   [reduce using rule 70 (DefList)]
    NOT     [reduce using rule 70 (DefList)]
    TYPE    [reduce using rule 70 (DefList)]
    LP      [reduce using rule 70 (DefList)]
    LC      [reduce using rule 70 (DefList)]
    RC      reduce using rule 52 (StmtList)
    RC      [reduce using rule 70 (DefList)]
    STRUCT  [reduce using rule 70 (DefList)]
    RETURN  [reduce using rule 70 (DefList)]
    IF      [reduce using rule 70 (DefList)]
    WHILE   [reduce using rule 70 (DefList)]

    Specifier        go to state 33
    StructSpecifier  go to state 8
    CompSt           go to state 68
    StmtList         go to state 69
    Stmt             go to state 70
    DefList          go to state 35
    Def              go to state 36
    Exp              go to state 71


State 36

   69 DefList: Def . DefList

    error   shift, and go to state 37
    TYPE    shift, and go to state 2
    STRUCT  shift, and go to state 3

    error   [reduce using rule 70 (DefList)]
    INT     reduce using rule 70 (DefList)
    FLOAT   reduce using rule 70 (DefList)
    ID      reduce using rule 70 (DefList)
    MINUS   reduce using rule 70 (DefList)
    NOT     reduce using rule 70 (DefList)
    TYPE    [reduce using rule 70 (DefList)]
    LP      reduce using rule 70 (DefList)
    LC      reduce using rule 70 (DefList)
    RC      reduce using rule 70 (DefList)
    STRUCT  [reduce using rule 70 (DefList)]
    RETURN  reduce using rule 70 (DefList)
    IF      reduce using rule 70 (DefList)
    WHILE   reduce using rule 70 (DefList)

    Specifier        go to state 33
    StructSpecifier  go to state 8
    DefList          go to state 72
    Def              go to state 36


State 37

   17 Specifier: error .

    $default  reduce using rule 17 (Specifier)


State 38

   21 StructSpecifier: STRUCT OptTag error DefList . RC

    RC  shift, and go to state 73


State 39

   18 StructSpecifier: STRUCT OptTag LC DefList . RC
   20                | STRUCT OptTag LC DefList . error

    error  shift, and go to state 74
    RC     shift, and go to state 75


State 40

   17 Specifier: error .
   37 FunDec: ID LP error . RP
   43 VarList: error .
   45 ParamDec: error .

    RP  shift, and go to state 76

    error     reduce using rule 17 (Specifier)
    error     [reduce using rule 43 (VarList)]
    error     [reduce using rule 45 (ParamDec)]
    COMMA     reduce using rule 45 (ParamDec)
    RP        [reduce using rule 43 (VarList)]
    RP        [reduce using rule 45 (ParamDec)]
    $default  reduce using rule 17 (Specifier)


State 41

   35 FunDec: ID LP RP .

    $default  reduce using rule 35 (FunDec)


State 42

   44 ParamDec: Specifier . VarDec

    error  shift, and go to state 77
    ID     shift, and go to state 48

    VarDec  go to state 78


State 43

   34 FunDec: ID LP VarList . RP
   36       | ID LP VarList . error

    error  shift, and go to state 79
    RP     shift, and go to state 80


State 44

   40 VarList: ParamDec . COMMA VarList
   41        | ParamDec .
   42        | ParamDec . error VarList

    error  shift, and go to state 81
    COMMA  shift, and go to state 82

    error  [reduce using rule 41 (VarList)]
    RP     reduce using rule 41 (VarList)


State 45

   32 VarDec: VarDec error INT .

    $default  reduce using rule 32 (VarDec)


State 46

   13 ExtDecList: VarDec error ExtDefList .

    $default  reduce using rule 13 (ExtDecList)


State 47

   14 ExtDecList: error .
   33 VarDec: error .

    error     reduce using rule 14 (ExtDecList)
    error     [reduce using rule 33 (VarDec)]
    SEMI      reduce using rule 14 (ExtDecList)
    SEMI      [reduce using rule 33 (VarDec)]
    COMMA     reduce using rule 33 (VarDec)
    LB        reduce using rule 33 (VarDec)
    $default  reduce using rule 14 (ExtDecList)


State 48

   27 VarDec: ID .
   29       | ID . error

    error  shift, and go to state 83

    error     [reduce using rule 27 (VarDec)]
    SEMI      reduce using rule 27 (VarDec)
    COMMA     reduce using rule 27 (VarDec)
    ASSIGNOP  reduce using rule 27 (VarDec)
    RP        reduce using rule 27 (VarDec)
    LB        reduce using rule 27 (VarDec)


State 49

   12 ExtDecList: VarDec COMMA ExtDecList .

    $default  reduce using rule 12 (ExtDecList)


State 50

   30 VarDec: VarDec LB error . RB

    RB  shift, and go to state 84


State 51

   28 VarDec: VarDec LB INT . RB
   31       | VarDec LB INT . error

    error  shift, and go to state 85
    RB     shift, and go to state 86


State 52

   17 Specifier: error .
   48 CompSt: LC error . RC

    RC  shift, and go to state 87

    $default  reduce using rule 17 (Specifier)


State 53

   46 CompSt: LC DefList . StmtList RC
   47       | LC DefList . StmtList error

    error   shift, and go to state 58
    INT     shift, and go to state 59
    FLOAT   shift, and go to state 60
    ID      shift, and go to state 61
    MINUS   shift, and go to state 62
    NOT     shift, and go to state 63
    TYPE    shift, and go to state 2
    LP      shift, and go to state 64
    LC      shift, and go to state 32
    STRUCT  shift, and go to state 3
    RETURN  shift, and go to state 65
    IF      shift, and go to state 66
    WHILE   shift, and go to state 67

    error   [reduce using rule 52 (StmtList)]
    error   [reduce using rule 70 (DefList)]
    INT     [reduce using rule 70 (DefList)]
    FLOAT   [reduce using rule 70 (DefList)]
    ID      [reduce using rule 70 (DefList)]
    MINUS   [reduce using rule 70 (DefList)]
    NOT     [reduce using rule 70 (DefList)]
    TYPE    [reduce using rule 70 (DefList)]
    LP      [reduce using rule 70 (DefList)]
    LC      [reduce using rule 70 (DefList)]
    RC      reduce using rule 52 (StmtList)
    RC      [reduce using rule 70 (DefList)]
    STRUCT  [reduce using rule 70 (DefList)]
    RETURN  [reduce using rule 70 (DefList)]
    IF      [reduce using rule 70 (DefList)]
    WHILE   [reduce using rule 70 (DefList)]

    Specifier        go to state 33
    StructSpecifier  go to state 8
    CompSt           go to state 68
    StmtList         go to state 88
    Stmt             go to state 70
    DefList          go to state 35
    Def              go to state 36
    Exp              go to state 71


State 54

   33 VarDec: error .
   72 Def: Specifier error . SEMI

    SEMI  shift, and go to state 89

    SEMI      [reduce using rule 33 (VarDec)]
    $default  reduce using rule 33 (VarDec)


State 55

   28 VarDec: VarDec . LB INT RB
   30       | VarDec . LB error RB
   31       | VarDec . LB INT error
   32       | VarDec . error INT
   76 Dec: VarDec .
   77    | VarDec . ASSIGNOP Exp

    error     shift, and go to state 90
    ASSIGNOP  shift, and go to state 91
    LB        shift, and go to state 30

    error  [reduce using rule 76 (Dec)]
    SEMI   reduce using rule 76 (Dec)
    COMMA  reduce using rule 76 (Dec)


State 56

   71 Def: Specifier DecList . SEMI
   73    | Specifier DecList . error

    error  shift, and go to state 92
    SEMI   shift, and go to state 93


State 57

   74 DecList: Dec .
   75        | Dec . COMMA DecList

    COMMA  shift, and go to state 94

    $default  reduce using rule 74 (DecList)


State 58

   17 Specifier: error .
   50 CompSt: error .
  109 Exp: error .

    error     reduce using rule 17 (Specifier)
    error     [reduce using rule 50 (CompSt)]
    error     [reduce using rule 109 (Exp)]
    ID        reduce using rule 17 (Specifier)
    ID        [reduce using rule 50 (CompSt)]
    SEMI      reduce using rule 109 (Exp)
    ASSIGNOP  reduce using rule 109 (Exp)
    RELOP     reduce using rule 109 (Exp)
    PLUS      reduce using rule 109 (Exp)
    MINUS     reduce using rule 50 (CompSt)
    MINUS     [reduce using rule 109 (Exp)]
    STAR      reduce using rule 109 (Exp)
    DIV       reduce using rule 109 (Exp)
    AND       reduce using rule 109 (Exp)
    OR        reduce using rule 109 (Exp)
    DOT       reduce using rule 109 (Exp)
    LB        reduce using rule 109 (Exp)
    $default  reduce using rule 50 (CompSt)


State 59

   94 Exp: INT .

    $default  reduce using rule 94 (Exp)


State 60

   95 Exp: FLOAT .

    $default  reduce using rule 95 (Exp)


State 61

   89 Exp: ID . LP Args RP
   90    | ID . LP RP
   93    | ID .
  107    | ID . LP error RP

    LP  shift, and go to state 95

    $default  reduce using rule 93 (Exp)


State 62

   87 Exp: MINUS . Exp
  105    | MINUS . error

    error  shift, and go to state 96
    INT    shift, and go to state 59
    FLOAT  shift, and go to state 60
    ID     shift, and go to state 61
    MINUS  shift, and go to state 62
    NOT    shift, and go to state 63
    LP     shift, and go to state 64

    Exp  go to state 97


State 63

   88 Exp: NOT . Exp
  106    | NOT . error

    error  shift, and go to state 98
    INT    shift, and go to state 59
    FLOAT  shift, and go to state 60
    ID     shift, and go to state 61
    MINUS  shift, and go to state 62
    NOT    shift, and go to state 63
    LP     shift, and go to state 64

    Exp  go to state 99


State 64

   86 Exp: LP . Exp RP
  104    | LP . error RP

    error  shift, and go to state 100
    INT    shift, and go to state 59
    FLOAT  shift, and go to state 60
    ID     shift, and go to state 61
    MINUS  shift, and go to state 62
    NOT    shift, and go to state 63
    LP     shift, and go to state 64

    Exp  go to state 101


State 65

   55 Stmt: RETURN . Exp SEMI
   60     | RETURN . Exp error
   61     | RETURN . error SEMI
   62     | RETURN . error

    error  shift, and go to state 102
    INT    shift, and go to state 59
    FLOAT  shift, and go to state 60
    ID     shift, and go to state 61
    MINUS  shift, and go to state 62
    NOT    shift, and go to state 63
    LP     shift, and go to state 64

    Exp  go to state 103


State 66

   56 Stmt: IF . LP Exp RP Stmt
   57     | IF . LP Exp RP Stmt ELSE Stmt
   63     | IF . LP Exp error Stmt
   64     | IF . LP error RP Stmt
   65     | IF . error Exp RP Stmt

    error  shift, and go to state 104
    LP     shift, and go to state 105


State 67

   58 Stmt: WHILE . LP Exp RP Stmt
   66     | WHILE . LP Exp error Stmt
   67     | WHILE . LP error RP Stmt
   68     | WHILE . error Exp RP Stmt

    error  shift, and go to state 106
    LP     shift, and go to state 107


State 68

   54 Stmt: CompSt .

    $default  reduce using rule 54 (Stmt)


State 69

   49 CompSt: DefList StmtList . RC

    RC  shift, and go to state 108


State 70

   51 StmtList: Stmt . StmtList

    error   shift, and go to state 58
    INT     shift, and go to state 59
    FLOAT   shift, and go to state 60
    ID      shift, and go to state 61
    MINUS   shift, and go to state 62
    NOT     shift, and go to state 63
    TYPE    shift, and go to state 2
    LP      shift, and go to state 64
    LC      shift, and go to state 32
    STRUCT  shift, and go to state 3
    RETURN  shift, and go to state 65
    IF      shift, and go to state 66
    WHILE   shift, and go to state 67

    error   [reduce using rule 52 (StmtList)]
    error   [reduce using rule 70 (DefList)]
    INT     [reduce using rule 70 (DefList)]
    FLOAT   [reduce using rule 70 (DefList)]
    ID      [reduce using rule 70 (DefList)]
    MINUS   [reduce using rule 70 (DefList)]
    NOT     [reduce using rule 70 (DefList)]
    TYPE    [reduce using rule 70 (DefList)]
    LP      [reduce using rule 70 (DefList)]
    LC      [reduce using rule 70 (DefList)]
    RC      reduce using rule 52 (StmtList)
    RC      [reduce using rule 70 (DefList)]
    STRUCT  [reduce using rule 70 (DefList)]
    RETURN  [reduce using rule 70 (DefList)]
    IF      [reduce using rule 70 (DefList)]
    WHILE   [reduce using rule 70 (DefList)]

    Specifier        go to state 33
    StructSpecifier  go to state 8
    CompSt           go to state 68
    StmtList         go to state 109
    Stmt             go to state 70
    DefList          go to state 35
    Def              go to state 36
    Exp              go to state 71


State 71

   53 Stmt: Exp . SEMI
   59     | Exp . error
   78 Exp: Exp . ASSIGNOP Exp
   79    | Exp . AND Exp
   80    | Exp . OR Exp
   81    | Exp . RELOP Exp
   82    | Exp . PLUS Exp
   83    | Exp . MINUS Exp
   84    | Exp . STAR Exp
   85    | Exp . DIV Exp
   91    | Exp . LB Exp RB
   92    | Exp . DOT ID
   96    | Exp . ASSIGNOP error
   97    | Exp . AND error
   98    | Exp . OR error
   99    | Exp . RELOP error
  100    | Exp . PLUS error
  101    | Exp . MINUS error
  102    | Exp . STAR error
  103    | Exp . DIV error
  108    | Exp . LB error RB

    error     shift, and go to state 110
    SEMI      shift, and go to state 111
    ASSIGNOP  shift, and go to state 112
    RELOP     shift, and go to state 113
    PLUS      shift, and go to state 114
    MINUS     shift, and go to state 115
    STAR      shift, and go to state 116
    DIV       shift, and go to state 117
    AND       shift, and go to state 118
    OR        shift, and go to state 119
    DOT       shift, and go to state 120
    LB        shift, and go to state 121


State 72

   69 DefList: Def DefList .

    $default  reduce using rule 69 (DefList)


State 73

   21 StructSpecifier: STRUCT OptTag error DefList RC .

    $default  reduce using rule 21 (StructSpecifier)


State 74

   20 StructSpecifier: STRUCT OptTag LC DefList error .

    $default  reduce using rule 20 (StructSpecifier)


State 75

   18 StructSpecifier: STRUCT OptTag LC DefList RC .

    $default  reduce using rule 18 (StructSpecifier)


State 76

   37 FunDec: ID LP error RP .

    $default  reduce using rule 37 (FunDec)


State 77

   33 VarDec: error .

    $default  reduce using rule 33 (VarDec)


State 78

   28 VarDec: VarDec . LB INT RB
   30       | VarDec . LB error RB
   31       | VarDec . LB INT error
   32       | VarDec . error INT
   44 ParamDec: Specifier VarDec .

    error  shift, and go to state 90
    LB     shift, and go to state 30

    error  [reduce using rule 44 (ParamDec)]
    COMMA  reduce using rule 44 (ParamDec)
    RP     reduce using rule 44 (ParamDec)


State 79

   36 FunDec: ID LP VarList error .

    $default  reduce using rule 36 (FunDec)


State 80

   34 FunDec: ID LP VarList RP .

    $default  reduce using rule 34 (FunDec)


State 81

   42 VarList: ParamDec error . VarList

    error   shift, and go to state 122
    TYPE    shift, and go to state 2
    STRUCT  shift, and go to state 3

    Specifier        go to state 42
    StructSpecifier  go to state 8
    VarList          go to state 123
    ParamDec         go to state 44


State 82

   40 VarList: ParamDec COMMA . VarList

    error   shift, and go to state 122
    TYPE    shift, and go to state 2
    STRUCT  shift, and go to state 3

    Specifier        go to state 42
    StructSpecifier  go to state 8
    VarList          go to state 124
    ParamDec         go to state 44


State 83

   29 VarDec: ID error .

    $default  reduce using rule 29 (VarDec)


State 84

   30 VarDec: VarDec LB error RB .

    $default  reduce using rule 30 (VarDec)


State 85

   31 VarDec: VarDec LB INT error .

    $default  reduce using rule 31 (VarDec)


State 86

   28 VarDec: VarDec LB INT RB .

    $default  reduce using rule 28 (VarDec)


State 87

   48 CompSt: LC error RC .

    $default  reduce using rule 48 (CompSt)


State 88

   46 CompSt: LC DefList StmtList . RC
   47       | LC DefList StmtList . error

    error  shift, and go to state 125
    RC     shift, and go to state 126


State 89

   72 Def: Specifier error SEMI .

    $default  reduce using rule 72 (Def)


State 90

   32 VarDec: VarDec error . INT

    INT  shift, and go to state 45


State 91

   77 Dec: VarDec ASSIGNOP . Exp

    error  shift, and go to state 127
    INT    shift, and go to state 59
    FLOAT  shift, and go to state 60
    ID     shift, and go to state 61
    MINUS  shift, and go to state 62
    NOT    shift, and go to state 63
    LP     shift, and go to state 64

    Exp  go to state 128


State 92

   73 Def: Specifier DecList error .

    $default  reduce using rule 73 (Def)


State 93

   71 Def: Specifier DecList SEMI .

    $default  reduce using rule 71 (Def)


State 94

   75 DecList: Dec COMMA . DecList

    error  shift, and go to state 77
    ID     shift, and go to state 48

    VarDec   go to state 55
    DecList  go to state 129
    Dec      go to state 57


State 95

   89 Exp: ID LP . Args RP
   90    | ID LP . RP
  107    | ID LP . error RP

    error  shift, and go to state 130
    INT    shift, and go to state 59
    FLOAT  shift, and go to state 60
    ID     shift, and go to state 61
    MINUS  shift, and go to state 62
    NOT    shift, and go to state 63
    LP     shift, and go to state 64
    RP     shift, and go to state 131

    Exp   go to state 132
    Args  go to state 133


State 96

  105 Exp: MINUS error .
  109    | error .

    error     reduce using rule 105 (Exp)
    error     [reduce using rule 109 (Exp)]
    SEMI      reduce using rule 105 (Exp)
    SEMI      [reduce using rule 109 (Exp)]
    COMMA     reduce using rule 105 (Exp)
    COMMA     [reduce using rule 109 (Exp)]
    ASSIGNOP  reduce using rule 105 (Exp)
    ASSIGNOP  [reduce using rule 109 (Exp)]
    RELOP     reduce using rule 105 (Exp)
    RELOP     [reduce using rule 109 (Exp)]
    PLUS      reduce using rule 105 (Exp)
    PLUS      [reduce using rule 109 (Exp)]
    MINUS     reduce using rule 105 (Exp)
    MINUS     [reduce using rule 109 (Exp)]
    STAR      reduce using rule 105 (Exp)
    STAR      [reduce using rule 109 (Exp)]
    DIV       reduce using rule 105 (Exp)
    DIV       [reduce using rule 109 (Exp)]
    AND       reduce using rule 105 (Exp)
    AND       [reduce using rule 109 (Exp)]
    OR        reduce using rule 105 (Exp)
    OR        [reduce using rule 109 (Exp)]
    DOT       reduce using rule 105 (Exp)
    DOT       [reduce using rule 109 (Exp)]
    RP        reduce using rule 105 (Exp)
    RP        [reduce using rule 109 (Exp)]
    LB        reduce using rule 105 (Exp)
    LB        [reduce using rule 109 (Exp)]
    RB        reduce using rule 105 (Exp)
    RB        [reduce using rule 109 (Exp)]
    $default  reduce using rule 105 (Exp)


State 97

   78 Exp: Exp . ASSIGNOP Exp
   79    | Exp . AND Exp
   80    | Exp . OR Exp
   81    | Exp . RELOP Exp
   82    | Exp . PLUS Exp
   83    | Exp . MINUS Exp
   84    | Exp . STAR Exp
   85    | Exp . DIV Exp
   87    | MINUS Exp .
   91    | Exp . LB Exp RB
   92    | Exp . DOT ID
   96    | Exp . ASSIGNOP error
   97    | Exp . AND error
   98    | Exp . OR error
   99    | Exp . RELOP error
  100    | Exp . PLUS error
  101    | Exp . MINUS error
  102    | Exp . STAR error
  103    | Exp . DIV error
  108    | Exp . LB error RB

    DOT  shift, and go to state 120
    LB   shift, and go to state 121

    $default  reduce using rule 87 (Exp)


State 98

  106 Exp: NOT error .
  109    | error .

    error     reduce using rule 106 (Exp)
    error     [reduce using rule 109 (Exp)]
    SEMI      reduce using rule 106 (Exp)
    SEMI      [reduce using rule 109 (Exp)]
    COMMA     reduce using rule 106 (Exp)
    COMMA     [reduce using rule 109 (Exp)]
    ASSIGNOP  reduce using rule 106 (Exp)
    ASSIGNOP  [reduce using rule 109 (Exp)]
    RELOP     reduce using rule 106 (Exp)
    RELOP     [reduce using rule 109 (Exp)]
    PLUS      reduce using rule 106 (Exp)
    PLUS      [reduce using rule 109 (Exp)]
    MINUS     reduce using rule 106 (Exp)
    MINUS     [reduce using rule 109 (Exp)]
    STAR      reduce using rule 106 (Exp)
    STAR      [reduce using rule 109 (Exp)]
    DIV       reduce using rule 106 (Exp)
    DIV       [reduce using rule 109 (Exp)]
    AND       reduce using rule 106 (Exp)
    AND       [reduce using rule 109 (Exp)]
    OR        reduce using rule 106 (Exp)
    OR        [reduce using rule 109 (Exp)]
    DOT       reduce using rule 106 (Exp)
    DOT       [reduce using rule 109 (Exp)]
    RP        reduce using rule 106 (Exp)
    RP        [reduce using rule 109 (Exp)]
    LB        reduce using rule 106 (Exp)
    LB        [reduce using rule 109 (Exp)]
    RB        reduce using rule 106 (Exp)
    RB        [reduce using rule 109 (Exp)]
    $default  reduce using rule 106 (Exp)


State 99

   78 Exp: Exp . ASSIGNOP Exp
   79    | Exp . AND Exp
   80    | Exp . OR Exp
   81    | Exp . RELOP Exp
   82    | Exp . PLUS Exp
   83    | Exp . MINUS Exp
   84    | Exp . STAR Exp
   85    | Exp . DIV Exp
   88    | NOT Exp .
   91    | Exp . LB Exp RB
   92    | Exp . DOT ID
   96    | Exp . ASSIGNOP error
   97    | Exp . AND error
   98    | Exp . OR error
   99    | Exp . RELOP error
  100    | Exp . PLUS error
  101    | Exp . MINUS error
  102    | Exp . STAR error
  103    | Exp . DIV error
  108    | Exp . LB error RB

    DOT  shift, and go to state 120
    LB   shift, and go to state 121

    $default  reduce using rule 88 (Exp)


State 100

  104 Exp: LP error . RP
  109    | error .

    RP  shift, and go to state 134

    RP        [reduce using rule 109 (Exp)]
    $default  reduce using rule 109 (Exp)


State 101

   78 Exp: Exp . ASSIGNOP Exp
   79    | Exp . AND Exp
   80    | Exp . OR Exp
   81    | Exp . RELOP Exp
   82    | Exp . PLUS Exp
   83    | Exp . MINUS Exp
   84    | Exp . STAR Exp
   85    | Exp . DIV Exp
   86    | LP Exp . RP
   91    | Exp . LB Exp RB
   92    | Exp . DOT ID
   96    | Exp . ASSIGNOP error
   97    | Exp . AND error
   98    | Exp . OR error
   99    | Exp . RELOP error
  100    | Exp . PLUS error
  101    | Exp . MINUS error
  102    | Exp . STAR error
  103    | Exp . DIV error
  108    | Exp . LB error RB

    ASSIGNOP  shift, and go to state 112
    RELOP     shift, and go to state 113
    PLUS      shift, and go to state 114
    MINUS     shift, and go to state 115
    STAR      shift, and go to state 116
    DIV       shift, and go to state 117
    AND       shift, and go to state 118
    OR        shift, and go to state 119
    DOT       shift, and go to state 120
    RP        shift, and go to state 135
    LB        shift, and go to state 121


State 102

   61 Stmt: RETURN error . SEMI
   62     | RETURN error .
  109 Exp: error .

    SEMI  shift, and go to state 136

    error     reduce using rule 62 (Stmt)
    error     [reduce using rule 109 (Exp)]
    SEMI      [reduce using rule 109 (Exp)]
    ASSIGNOP  reduce using rule 109 (Exp)
    RELOP     reduce using rule 109 (Exp)
    PLUS      reduce using rule 109 (Exp)
    MINUS     reduce using rule 62 (Stmt)
    MINUS     [reduce using rule 109 (Exp)]
    STAR      reduce using rule 109 (Exp)
    DIV       reduce using rule 109 (Exp)
    AND       reduce using rule 109 (Exp)
    OR        reduce using rule 109 (Exp)
    DOT       reduce using rule 109 (Exp)
    LB        reduce using rule 109 (Exp)
    $default  reduce using rule 62 (Stmt)


State 103

   55 Stmt: RETURN Exp . SEMI
   60     | RETURN Exp . error
   78 Exp: Exp . ASSIGNOP Exp
   79    | Exp . AND Exp
   80    | Exp . OR Exp
   81    | Exp . RELOP Exp
   82    | Exp . PLUS Exp
   83    | Exp . MINUS Exp
   84    | Exp . STAR Exp
   85    | Exp . DIV Exp
   91    | Exp . LB Exp RB
   92    | Exp . DOT ID
   96    | Exp . ASSIGNOP error
   97    | Exp . AND error
   98    | Exp . OR error
   99    | Exp . RELOP error
  100    | Exp . PLUS error
  101    | Exp . MINUS error
  102    | Exp . STAR error
  103    | Exp . DIV error
  108    | Exp . LB error RB

    error     shift, and go to state 137
    SEMI      shift, and go to state 138
    ASSIGNOP  shift, and go to state 112
    RELOP     shift, and go to state 113
    PLUS      shift, and go to state 114
    MINUS     shift, and go to state 115
    STAR      shift, and go to state 116
    DIV       shift, and go to state 117
    AND       shift, and go to state 118
    OR        shift, and go to state 119
    DOT       shift, and go to state 120
    LB        shift, and go to state 121


State 104

   65 Stmt: IF error . Exp RP Stmt

    error  shift, and go to state 127
    INT    shift, and go to state 59
    FLOAT  shift, and go to state 60
    ID     shift, and go to state 61
    MINUS  shift, and go to state 62
    NOT    shift, and go to state 63
    LP     shift, and go to state 64

    Exp  go to state 139


State 105

   56 Stmt: IF LP . Exp RP Stmt
   57     | IF LP . Exp RP Stmt ELSE Stmt
   63     | IF LP . Exp error Stmt
   64     | IF LP . error RP Stmt

    error  shift, and go to state 140
    INT    shift, and go to state 59
    FLOAT  shift, and go to state 60
    ID     shift, and go to state 61
    MINUS  shift, and go to state 62
    NOT    shift, and go to state 63
    LP     shift, and go to state 64

    Exp  go to state 141


State 106

   68 Stmt: WHILE error . Exp RP Stmt

    error  shift, and go to state 127
    INT    shift, and go to state 59
    FLOAT  shift, and go to state 60
    ID     shift, and go to state 61
    MINUS  shift, and go to state 62
    NOT    shift, and go to state 63
    LP     shift, and go to state 64

    Exp  go to state 142


State 107

   58 Stmt: WHILE LP . Exp RP Stmt
   66     | WHILE LP . Exp error Stmt
   67     | WHILE LP . error RP Stmt

    error  shift, and go to state 143
    INT    shift, and go to state 59
    FLOAT  shift, and go to state 60
    ID     shift, and go to state 61
    MINUS  shift, and go to state 62
    NOT    shift, and go to state 63
    LP     shift, and go to state 64

    Exp  go to state 144


State 108

   49 CompSt: DefList StmtList RC .

    $default  reduce using rule 49 (CompSt)


State 109

   51 StmtList: Stmt StmtList .

    $default  reduce using rule 51 (StmtList)


State 110

   59 Stmt: Exp error .

    $default  reduce using rule 59 (Stmt)


State 111

   53 Stmt: Exp SEMI .

    $default  reduce using rule 53 (Stmt)


State 112

   78 Exp: Exp ASSIGNOP . Exp
   96    | Exp ASSIGNOP . error

    error  shift, and go to state 145
    INT    shift, and go to state 59
    FLOAT  shift, and go to state 60
    ID     shift, and go to state 61
    MINUS  shift, and go to state 62
    NOT    shift, and go to state 63
    LP     shift, and go to state 64

    Exp  go to state 146


State 113

   81 Exp: Exp RELOP . Exp
   99    | Exp RELOP . error

    error  shift, and go to state 147
    INT    shift, and go to state 59
    FLOAT  shift, and go to state 60
    ID     shift, and go to state 61
    MINUS  shift, and go to state 62
    NOT    shift, and go to state 63
    LP     shift, and go to state 64

    Exp  go to state 148


State 114

   82 Exp: Exp PLUS . Exp
  100    | Exp PLUS . error

    error  shift, and go to state 149
    INT    shift, and go to state 59
    FLOAT  shift, and go to state 60
    ID     shift, and go to state 61
    MINUS  shift, and go to state 62
    NOT    shift, and go to state 63
    LP     shift, and go to state 64

    Exp  go to state 150


State 115

   83 Exp: Exp MINUS . Exp
  101    | Exp MINUS . error

    error  shift, and go to state 151
    INT    shift, and go to state 59
    FLOAT  shift, and go to state 60
    ID     shift, and go to state 61
    MINUS  shift, and go to state 62
    NOT    shift, and go to state 63
    LP     shift, and go to state 64

    Exp  go to state 152


State 116

   84 Exp: Exp STAR . Exp
  102    | Exp STAR . error

    error  shift, and go to state 153
    INT    shift, and go to state 59
    FLOAT  shift, and go to state 60
    ID     shift, and go to state 61
    MINUS  shift, and go to state 62
    NOT    shift, and go to state 63
    LP     shift, and go to state 64

    Exp  go to state 154


State 117

   85 Exp: Exp DIV . Exp
  103    | Exp DIV . error

    error  shift, and go to state 155
    INT    shift, and go to state 59
    FLOAT  shift, and go to state 60
    ID     shift, and go to state 61
    MINUS  shift, and go to state 62
    NOT    shift, and go to state 63
    LP     shift, and go to state 64

    Exp  go to state 156


State 118

   79 Exp: Exp AND . Exp
   97    | Exp AND . error

    error  shift, and go to state 157
    INT    shift, and go to state 59
    FLOAT  shift, and go to state 60
    ID     shift, and go to state 61
    MINUS  shift, and go to state 62
    NOT    shift, and go to state 63
    LP     shift, and go to state 64

    Exp  go to state 158


State 119

   80 Exp: Exp OR . Exp
   98    | Exp OR . error

    error  shift, and go to state 159
    INT    shift, and go to state 59
    FLOAT  shift, and go to state 60
    ID     shift, and go to state 61
    MINUS  shift, and go to state 62
    NOT    shift, and go to state 63
    LP     shift, and go to state 64

    Exp  go to state 160


State 120

   92 Exp: Exp DOT . ID

    ID  shift, and go to state 161


State 121

   91 Exp: Exp LB . Exp RB
  108    | Exp LB . error RB

    error  shift, and go to state 162
    INT    shift, and go to state 59
    FLOAT  shift, and go to state 60
    ID     shift, and go to state 61
    MINUS  shift, and go to state 62
    NOT    shift, and go to state 63
    LP     shift, and go to state 64

    Exp  go to state 163


State 122

   17 Specifier: error .
   43 VarList: error .
   45 ParamDec: error .

    error     reduce using rule 17 (Specifier)
    error     [reduce using rule 43 (VarList)]
    error     [reduce using rule 45 (ParamDec)]
    COMMA     reduce using rule 45 (ParamDec)
    RP        reduce using rule 43 (VarList)
    RP        [reduce using rule 45 (ParamDec)]
    $default  reduce using rule 17 (Specifier)


State 123

   42 VarList: ParamDec error VarList .

    $default  reduce using rule 42 (VarList)


State 124

   40 VarList: ParamDec COMMA VarList .

    $default  reduce using rule 40 (VarList)


State 125

   47 CompSt: LC DefList StmtList error .

    $default  reduce using rule 47 (CompSt)


State 126

   46 CompSt: LC DefList StmtList RC .

    $default  reduce using rule 46 (CompSt)


State 127

  109 Exp: error .

    $default  reduce using rule 109 (Exp)


State 128

   77 Dec: VarDec ASSIGNOP Exp .
   78 Exp: Exp . ASSIGNOP Exp
   79    | Exp . AND Exp
   80    | Exp . OR Exp
   81    | Exp . RELOP Exp
   82    | Exp . PLUS Exp
   83    | Exp . MINUS Exp
   84    | Exp . STAR Exp
   85    | Exp . DIV Exp
   91    | Exp . LB Exp RB
   92    | Exp . DOT ID
   96    | Exp . ASSIGNOP error
   97    | Exp . AND error
   98    | Exp . OR error
   99    | Exp . RELOP error
  100    | Exp . PLUS error
  101    | Exp . MINUS error
  102    | Exp . STAR error
  103    | Exp . DIV error
  108    | Exp . LB error RB

    ASSIGNOP  shift, and go to state 112
    RELOP     shift, and go to state 113
    PLUS      shift, and go to state 114
    MINUS     shift, and go to state 115
    STAR      shift, and go to state 116
    DIV       shift, and go to state 117
    AND       shift, and go to state 118
    OR        shift, and go to state 119
    DOT       shift, and go to state 120
    LB        shift, and go to state 121

    $default  reduce using rule 77 (Dec)


State 129

   75 DecList: Dec COMMA DecList .

    $default  reduce using rule 75 (DecList)


State 130

  107 Exp: ID LP error . RP
  109    | error .

    RP  shift, and go to state 164

    RP        [reduce using rule 109 (Exp)]
    $default  reduce using rule 109 (Exp)


State 131

   90 Exp: ID LP RP .

    $default  reduce using rule 90 (Exp)


State 132

   78 Exp: Exp . ASSIGNOP Exp
   79    | Exp . AND Exp
   80    | Exp . OR Exp
   81    | Exp . RELOP Exp
   82    | Exp . PLUS Exp
   83    | Exp . MINUS Exp
   84    | Exp . STAR Exp
   85    | Exp . DIV Exp
   91    | Exp . LB Exp RB
   92    | Exp . DOT ID
   96    | Exp . ASSIGNOP error
   97    | Exp . AND error
   98    | Exp . OR error
   99    | Exp . RELOP error
  100    | Exp . PLUS error
  101    | Exp . MINUS error
  102    | Exp . STAR error
  103    | Exp . DIV error
  108    | Exp . LB error RB
  110 Args: Exp . COMMA Args
  111     | Exp .

    COMMA     shift, and go to state 165
    ASSIGNOP  shift, and go to state 112
    RELOP     shift, and go to state 113
    PLUS      shift, and go to state 114
    MINUS     shift, and go to state 115
    STAR      shift, and go to state 116
    DIV       shift, and go to state 117
    AND       shift, and go to state 118
    OR        shift, and go to state 119
    DOT       shift, and go to state 120
    LB        shift, and go to state 121

    $default  reduce using rule 111 (Args)


State 133

   89 Exp: ID LP Args . RP

    RP  shift, and go to state 166


State 134

  104 Exp: LP error RP .

    $default  reduce using rule 104 (Exp)


State 135

   86 Exp: LP Exp RP .

    $default  reduce using rule 86 (Exp)


State 136

   61 Stmt: RETURN error SEMI .

    $default  reduce using rule 61 (Stmt)


State 137

   60 Stmt: RETURN Exp error .

    $default  reduce using rule 60 (Stmt)


State 138

   55 Stmt: RETURN Exp SEMI .

    $default  reduce using rule 55 (Stmt)


State 139

   65 Stmt: IF error Exp . RP Stmt
   78 Exp: Exp . ASSIGNOP Exp
   79    | Exp . AND Exp
   80    | Exp . OR Exp
   81    | Exp . RELOP Exp
   82    | Exp . PLUS Exp
   83    | Exp . MINUS Exp
   84    | Exp . STAR Exp
   85    | Exp . DIV Exp
   91    | Exp . LB Exp RB
   92    | Exp . DOT ID
   96    | Exp . ASSIGNOP error
   97    | Exp . AND error
   98    | Exp . OR error
   99    | Exp . RELOP error
  100    | Exp . PLUS error
  101    | Exp . MINUS error
  102    | Exp . STAR error
  103    | Exp . DIV error
  108    | Exp . LB error RB

    ASSIGNOP  shift, and go to state 112
    RELOP     shift, and go to state 113
    PLUS      shift, and go to state 114
    MINUS     shift, and go to state 115
    STAR      shift, and go to state 116
    DIV       shift, and go to state 117
    AND       shift, and go to state 118
    OR        shift, and go to state 119
    DOT       shift, and go to state 120
    RP        shift, and go to state 167
    LB        shift, and go to state 121


State 140

   64 Stmt: IF LP error . RP Stmt
  109 Exp: error .

    RP  shift, and go to state 168

    RP        [reduce using rule 109 (Exp)]
    $default  reduce using rule 109 (Exp)


State 141

   56 Stmt: IF LP Exp . RP Stmt
   57     | IF LP Exp . RP Stmt ELSE Stmt
   63     | IF LP Exp . error Stmt
   78 Exp: Exp . ASSIGNOP Exp
   79    | Exp . AND Exp
   80    | Exp . OR Exp
   81    | Exp . RELOP Exp
   82    | Exp . PLUS Exp
   83    | Exp . MINUS Exp
   84    | Exp . STAR Exp
   85    | Exp . DIV Exp
   91    | Exp . LB Exp RB
   92    | Exp . DOT ID
   96    | Exp . ASSIGNOP error
   97    | Exp . AND error
   98    | Exp . OR error
   99    | Exp . RELOP error
  100    | Exp . PLUS error
  101    | Exp . MINUS error
  102    | Exp . STAR error
  103    | Exp . DIV error
  108    | Exp . LB error RB

    error     shift, and go to state 169
    ASSIGNOP  shift, and go to state 112
    RELOP     shift, and go to state 113
    PLUS      shift, and go to state 114
    MINUS     shift, and go to state 115
    STAR      shift, and go to state 116
    DIV       shift, and go to state 117
    AND       shift, and go to state 118
    OR        shift, and go to state 119
    DOT       shift, and go to state 120
    RP        shift, and go to state 170
    LB        shift, and go to state 121


State 142

   68 Stmt: WHILE error Exp . RP Stmt
   78 Exp: Exp . ASSIGNOP Exp
   79    | Exp . AND Exp
   80    | Exp . OR Exp
   81    | Exp . RELOP Exp
   82    | Exp . PLUS Exp
   83    | Exp . MINUS Exp
   84    | Exp . STAR Exp
   85    | Exp . DIV Exp
   91    | Exp . LB Exp RB
   92    | Exp . DOT ID
   96    | Exp . ASSIGNOP error
   97    | Exp . AND error
   98    | Exp . OR error
   99    | Exp . RELOP error
  100    | Exp . PLUS error
  101    | Exp . MINUS error
  102    | Exp . STAR error
  103    | Exp . DIV error
  108    | Exp . LB error RB

    ASSIGNOP  shift, and go to state 112
    RELOP     shift, and go to state 113
    PLUS      shift, and go to state 114
    MINUS     shift, and go to state 115
    STAR      shift, and go to state 116
    DIV       shift, and go to state 117
    AND       shift, and go to state 118
    OR        shift, and go to state 119
    DOT       shift, and go to state 120
    RP        shift, and go to state 171
    LB        shift, and go to state 121


State 143

   67 Stmt: WHILE LP error . RP Stmt
  109 Exp: error .

    RP  shift, and go to state 172

    RP        [reduce using rule 109 (Exp)]
    $default  reduce using rule 109 (Exp)


State 144

   58 Stmt: WHILE LP Exp . RP Stmt
   66     | WHILE LP Exp . error Stmt
   78 Exp: Exp . ASSIGNOP Exp
   79    | Exp . AND Exp
   80    | Exp . OR Exp
   81    | Exp . RELOP Exp
   82    | Exp . PLUS Exp
   83    | Exp . MINUS Exp
   84    | Exp . STAR Exp
   85    | Exp . DIV Exp
   91    | Exp . LB Exp RB
   92    | Exp . DOT ID
   96    | Exp . ASSIGNOP error
   97    | Exp . AND error
   98    | Exp . OR error
   99    | Exp . RELOP error
  100    | Exp . PLUS error
  101    | Exp . MINUS error
  102    | Exp . STAR error
  103    | Exp . DIV error
  108    | Exp . LB error RB

    error     shift, and go to state 173
    ASSIGNOP  shift, and go to state 112
    RELOP     shift, and go to state 113
    PLUS      shift, and go to state 114
    MINUS     shift, and go to state 115
    STAR      shift, and go to state 116
    DIV       shift, and go to state 117
    AND       shift, and go to state 118
    OR        shift, and go to state 119
    DOT       shift, and go to state 120
    RP        shift, and go to state 174
    LB        shift, and go to state 121


State 145

   96 Exp: Exp ASSIGNOP error .
  109    | error .

    error     reduce using rule 96 (Exp)
    error     [reduce using rule 109 (Exp)]
    SEMI      reduce using rule 96 (Exp)
    SEMI      [reduce using rule 109 (Exp)]
    COMMA     reduce using rule 96 (Exp)
    COMMA     [reduce using rule 109 (Exp)]
    ASSIGNOP  reduce using rule 96 (Exp)
    ASSIGNOP  [reduce using rule 109 (Exp)]
    RELOP     reduce using rule 96 (Exp)
    RELOP     [reduce using rule 109 (Exp)]
    PLUS      reduce using rule 96 (Exp)
    PLUS      [reduce using rule 109 (Exp)]
    MINUS     reduce using rule 96 (Exp)
    MINUS     [reduce using rule 109 (Exp)]
    STAR      reduce using rule 96 (Exp)
    STAR      [reduce using rule 109 (Exp)]
    DIV       reduce using rule 96 (Exp)
    DIV       [reduce using rule 109 (Exp)]
    AND       reduce using rule 96 (Exp)
    AND       [reduce using rule 109 (Exp)]
    OR        reduce using rule 96 (Exp)
    OR        [reduce using rule 109 (Exp)]
    DOT       reduce using rule 96 (Exp)
    DOT       [reduce using rule 109 (Exp)]
    RP        reduce using rule 96 (Exp)
    RP        [reduce using rule 109 (Exp)]
    LB        reduce using rule 96 (Exp)
    LB        [reduce using rule 109 (Exp)]
    RB        reduce using rule 96 (Exp)
    RB        [reduce using rule 109 (Exp)]
    $default  reduce using rule 96 (Exp)


State 146

   78 Exp: Exp . ASSIGNOP Exp
   78    | Exp ASSIGNOP Exp .
   79    | Exp . AND Exp
   80    | Exp . OR Exp
   81    | Exp . RELOP Exp
   82    | Exp . PLUS Exp
   83    | Exp . MINUS Exp
   84    | Exp . STAR Exp
   85    | Exp . DIV Exp
   91    | Exp . LB Exp RB
   92    | Exp . DOT ID
   96    | Exp . ASSIGNOP error
   97    | Exp . AND error
   98    | Exp . OR error
   99    | Exp . RELOP error
  100    | Exp . PLUS error
  101    | Exp . MINUS error
  102    | Exp . STAR error
  103    | Exp . DIV error
  108    | Exp . LB error RB

    ASSIGNOP  shift, and go to state 112
    RELOP     shift, and go to state 113
    PLUS      shift, and go to state 114
    MINUS     shift, and go to state 115
    STAR      shift, and go to state 116
    DIV       shift, and go to state 117
    AND       shift, and go to state 118
    OR        shift, and go to state 119
    DOT       shift, and go to state 120
    LB        shift, and go to state 121

    $default  reduce using rule 78 (Exp)


State 147

   99 Exp: Exp RELOP error .
  109    | error .

    error     reduce using rule 99 (Exp)
    error     [reduce using rule 109 (Exp)]
    SEMI      reduce using rule 99 (Exp)
    SEMI      [reduce using rule 109 (Exp)]
    COMMA     reduce using rule 99 (Exp)
    COMMA     [reduce using rule 109 (Exp)]
    ASSIGNOP  reduce using rule 99 (Exp)
    ASSIGNOP  [reduce using rule 109 (Exp)]
    RELOP     reduce using rule 99 (Exp)
    RELOP     [reduce using rule 109 (Exp)]
    PLUS      reduce using rule 99 (Exp)
    PLUS      [reduce using rule 109 (Exp)]
    MINUS     reduce using rule 99 (Exp)
    MINUS     [reduce using rule 109 (Exp)]
    STAR      reduce using rule 99 (Exp)
    STAR      [reduce using rule 109 (Exp)]
    DIV       reduce using rule 99 (Exp)
    DIV       [reduce using rule 109 (Exp)]
    AND       reduce using rule 99 (Exp)
    AND       [reduce using rule 109 (Exp)]
    OR        reduce using rule 99 (Exp)
    OR        [reduce using rule 109 (Exp)]
    DOT       reduce using rule 99 (Exp)
    DOT       [reduce using rule 109 (Exp)]
    RP        reduce using rule 99 (Exp)
    RP        [reduce using rule 109 (Exp)]
    LB        reduce using rule 99 (Exp)
    LB        [reduce using rule 109 (Exp)]
    RB        reduce using rule 99 (Exp)
    RB        [reduce using rule 109 (Exp)]
    $default  reduce using rule 99 (Exp)


State 148

   78 Exp: Exp . ASSIGNOP Exp
   79    | Exp . AND Exp
   80    | Exp . OR Exp
   81    | Exp . RELOP Exp
   81    | Exp RELOP Exp .
   82    | Exp . PLUS Exp
   83    | Exp . MINUS Exp
   84    | Exp . STAR Exp
   85    | Exp . DIV Exp
   91    | Exp . LB Exp RB
   92    | Exp . DOT ID
   96    | Exp . ASSIGNOP error
   97    | Exp . AND error
   98    | Exp . OR error
   99    | Exp . RELOP error
  100    | Exp . PLUS error
  101    | Exp . MINUS error
  102    | Exp . STAR error
  103    | Exp . DIV error
  108    | Exp . LB error RB

    PLUS   shift, and go to state 114
    MINUS  shift, and go to state 115
    STAR   shift, and go to state 116
    DIV    shift, and go to state 117
    DOT    shift, and go to state 120
    LB     shift, and go to state 121

    $default  reduce using rule 81 (Exp)


State 149

  100 Exp: Exp PLUS error .
  109    | error .

    error     reduce using rule 100 (Exp)
    error     [reduce using rule 109 (Exp)]
    SEMI      reduce using rule 100 (Exp)
    SEMI      [reduce using rule 109 (Exp)]
    COMMA     reduce using rule 100 (Exp)
    COMMA     [reduce using rule 109 (Exp)]
    ASSIGNOP  reduce using rule 100 (Exp)
    ASSIGNOP  [reduce using rule 109 (Exp)]
    RELOP     reduce using rule 100 (Exp)
    RELOP     [reduce using rule 109 (Exp)]
    PLUS      reduce using rule 100 (Exp)
    PLUS      [reduce using rule 109 (Exp)]
    MINUS     reduce using rule 100 (Exp)
    MINUS     [reduce using rule 109 (Exp)]
    STAR      reduce using rule 100 (Exp)
    STAR      [reduce using rule 109 (Exp)]
    DIV       reduce using rule 100 (Exp)
    DIV       [reduce using rule 109 (Exp)]
    AND       reduce using rule 100 (Exp)
    AND       [reduce using rule 109 (Exp)]
    OR        reduce using rule 100 (Exp)
    OR        [reduce using rule 109 (Exp)]
    DOT       reduce using rule 100 (Exp)
    DOT       [reduce using rule 109 (Exp)]
    RP        reduce using rule 100 (Exp)
    RP        [reduce using rule 109 (Exp)]
    LB        reduce using rule 100 (Exp)
    LB        [reduce using rule 109 (Exp)]
    RB        reduce using rule 100 (Exp)
    RB        [reduce using rule 109 (Exp)]
    $default  reduce using rule 100 (Exp)


State 150

   78 Exp: Exp . ASSIGNOP Exp
   79    | Exp . AND Exp
   80    | Exp . OR Exp
   81    | Exp . RELOP Exp
   82    | Exp . PLUS Exp
   82    | Exp PLUS Exp .
   83    | Exp . MINUS Exp
   84    | Exp . STAR Exp
   85    | Exp . DIV Exp
   91    | Exp . LB Exp RB
   92    | Exp . DOT ID
   96    | Exp . ASSIGNOP error
   97    | Exp . AND error
   98    | Exp . OR error
   99    | Exp . RELOP error
  100    | Exp . PLUS error
  101    | Exp . MINUS error
  102    | Exp . STAR error
  103    | Exp . DIV error
  108    | Exp . LB error RB

    STAR  shift, and go to state 116
    DIV   shift, and go to state 117
    DOT   shift, and go to state 120
    LB    shift, and go to state 121

    $default  reduce using rule 82 (Exp)


State 151

  101 Exp: Exp MINUS error .
  109    | error .

    error     reduce using rule 101 (Exp)
    error     [reduce using rule 109 (Exp)]
    SEMI      reduce using rule 101 (Exp)
    SEMI      [reduce using rule 109 (Exp)]
    COMMA     reduce using rule 101 (Exp)
    COMMA     [reduce using rule 109 (Exp)]
    ASSIGNOP  reduce using rule 101 (Exp)
    ASSIGNOP  [reduce using rule 109 (Exp)]
    RELOP     reduce using rule 101 (Exp)
    RELOP     [reduce using rule 109 (Exp)]
    PLUS      reduce using rule 101 (Exp)
    PLUS      [reduce using rule 109 (Exp)]
    MINUS     reduce using rule 101 (Exp)
    MINUS     [reduce using rule 109 (Exp)]
    STAR      reduce using rule 101 (Exp)
    STAR      [reduce using rule 109 (Exp)]
    DIV       reduce using rule 101 (Exp)
    DIV       [reduce using rule 109 (Exp)]
    AND       reduce using rule 101 (Exp)
    AND       [reduce using rule 109 (Exp)]
    OR        reduce using rule 101 (Exp)
    OR        [reduce using rule 109 (Exp)]
    DOT       reduce using rule 101 (Exp)
    DOT       [reduce using rule 109 (Exp)]
    RP        reduce using rule 101 (Exp)
    RP        [reduce using rule 109 (Exp)]
    LB        reduce using rule 101 (Exp)
    LB        [reduce using rule 109 (Exp)]
    RB        reduce using rule 101 (Exp)
    RB        [reduce using rule 109 (Exp)]
    $default  reduce using rule 101 (Exp)


State 152

   78 Exp: Exp . ASSIGNOP Exp
   79    | Exp . AND Exp
   80    | Exp . OR Exp
   81    | Exp . RELOP Exp
   82    | Exp . PLUS Exp
   83    | Exp . MINUS Exp
   83    | Exp MINUS Exp .
   84    | Exp . STAR Exp
   85    | Exp . DIV Exp
   91    | Exp . LB Exp RB
   92    | Exp . DOT ID
   96    | Exp . ASSIGNOP error
   97    | Exp . AND error
   98    | Exp . OR error
   99    | Exp . RELOP error
  100    | Exp . PLUS error
  101    | Exp . MINUS error
  102    | Exp . STAR error
  103    | Exp . DIV error
  108    | Exp . LB error RB

    STAR  shift, and go to state 116
    DIV   shift, and go to state 117
    DOT   shift, and go to state 120
    LB    shift, and go to state 121

    $default  reduce using rule 83 (Exp)


State 153

  102 Exp: Exp STAR error .
  109    | error .

    error     reduce using rule 102 (Exp)
    error     [reduce using rule 109 (Exp)]
    SEMI      reduce using rule 102 (Exp)
    SEMI      [reduce using rule 109 (Exp)]
    COMMA     reduce using rule 102 (Exp)
    COMMA     [reduce using rule 109 (Exp)]
    ASSIGNOP  reduce using rule 102 (Exp)
    ASSIGNOP  [reduce using rule 109 (Exp)]
    RELOP     reduce using rule 102 (Exp)
    RELOP     [reduce using rule 109 (Exp)]
    PLUS      reduce using rule 102 (Exp)
    PLUS      [reduce using rule 109 (Exp)]
    MINUS     reduce using rule 102 (Exp)
    MINUS     [reduce using rule 109 (Exp)]
    STAR      reduce using rule 102 (Exp)
    STAR      [reduce using rule 109 (Exp)]
    DIV       reduce using rule 102 (Exp)
    DIV       [reduce using rule 109 (Exp)]
    AND       reduce using rule 102 (Exp)
    AND       [reduce using rule 109 (Exp)]
    OR        reduce using rule 102 (Exp)
    OR        [reduce using rule 109 (Exp)]
    DOT       reduce using rule 102 (Exp)
    DOT       [reduce using rule 109 (Exp)]
    RP        reduce using rule 102 (Exp)
    RP        [reduce using rule 109 (Exp)]
    LB        reduce using rule 102 (Exp)
    LB        [reduce using rule 109 (Exp)]
    RB        reduce using rule 102 (Exp)
    RB        [reduce using rule 109 (Exp)]
    $default  reduce using rule 102 (Exp)


State 154

   78 Exp: Exp . ASSIGNOP Exp
   79    | Exp . AND Exp
   80    | Exp . OR Exp
   81    | Exp . RELOP Exp
   82    | Exp . PLUS Exp
   83    | Exp . MINUS Exp
   84    | Exp . STAR Exp
   84    | Exp STAR Exp .
   85    | Exp . DIV Exp
   91    | Exp . LB Exp RB
   92    | Exp . DOT ID
   96    | Exp . ASSIGNOP error
   97    | Exp . AND error
   98    | Exp . OR error
   99    | Exp . RELOP error
  100    | Exp . PLUS error
  101    | Exp . MINUS error
  102    | Exp . STAR error
  103    | Exp . DIV error
  108    | Exp . LB error RB

    DOT  shift, and go to state 120
    LB   shift, and go to state 121

    $default  reduce using rule 84 (Exp)


State 155

  103 Exp: Exp DIV error .
  109    | error .

    error     reduce using rule 103 (Exp)
    error     [reduce using rule 109 (Exp)]
    SEMI      reduce using rule 103 (Exp)
    SEMI      [reduce using rule 109 (Exp)]
    COMMA     reduce using rule 103 (Exp)
    COMMA     [reduce using rule 109 (Exp)]
    ASSIGNOP  reduce using rule 103 (Exp)
    ASSIGNOP  [reduce using rule 109 (Exp)]
    RELOP     reduce using rule 103 (Exp)
    RELOP     [reduce using rule 109 (Exp)]
    PLUS      reduce using rule 103 (Exp)
    PLUS      [reduce using rule 109 (Exp)]
    MINUS     reduce using rule 103 (Exp)
    MINUS     [reduce using rule 109 (Exp)]
    STAR      reduce using rule 103 (Exp)
    STAR      [reduce using rule 109 (Exp)]
    DIV       reduce using rule 103 (Exp)
    DIV       [reduce using rule 109 (Exp)]
    AND       reduce using rule 103 (Exp)
    AND       [reduce using rule 109 (Exp)]
    OR        reduce using rule 103 (Exp)
    OR        [reduce using rule 109 (Exp)]
    DOT       reduce using rule 103 (Exp)
    DOT       [reduce using rule 109 (Exp)]
    RP        reduce using rule 103 (Exp)
    RP        [reduce using rule 109 (Exp)]
    LB        reduce using rule 103 (Exp)
    LB        [reduce using rule 109 (Exp)]
    RB        reduce using rule 103 (Exp)
    RB        [reduce using rule 109 (Exp)]
    $default  reduce using rule 103 (Exp)


State 156

   78 Exp: Exp . ASSIGNOP Exp
   79    | Exp . AND Exp
   80    | Exp . OR Exp
   81    | Exp . RELOP Exp
   82    | Exp . PLUS Exp
   83    | Exp . MINUS Exp
   84    | Exp . STAR Exp
   85    | Exp . DIV Exp
   85    | Exp DIV Exp .
   91    | Exp . LB Exp RB
   92    | Exp . DOT ID
   96    | Exp . ASSIGNOP error
   97    | Exp . AND error
   98    | Exp . OR error
   99    | Exp . RELOP error
  100    | Exp . PLUS error
  101    | Exp . MINUS error
  102    | Exp . STAR error
  103    | Exp . DIV error
  108    | Exp . LB error RB

    DOT  shift, and go to state 120
    LB   shift, and go to state 121

    $default  reduce using rule 85 (Exp)


State 157

   97 Exp: Exp AND error .
  109    | error .

    error     reduce using rule 97 (Exp)
    error     [reduce using rule 109 (Exp)]
    SEMI      reduce using rule 97 (Exp)
    SEMI      [reduce using rule 109 (Exp)]
    COMMA     reduce using rule 97 (Exp)
    COMMA     [reduce using rule 109 (Exp)]
    ASSIGNOP  reduce using rule 97 (Exp)
    ASSIGNOP  [reduce using rule 109 (Exp)]
    RELOP     reduce using rule 97 (Exp)
    RELOP     [reduce using rule 109 (Exp)]
    PLUS      reduce using rule 97 (Exp)
    PLUS      [reduce using rule 109 (Exp)]
    MINUS     reduce using rule 97 (Exp)
    MINUS     [reduce using rule 109 (Exp)]
    STAR      reduce using rule 97 (Exp)
    STAR      [reduce using rule 109 (Exp)]
    DIV       reduce using rule 97 (Exp)
    DIV       [reduce using rule 109 (Exp)]
    AND       reduce using rule 97 (Exp)
    AND       [reduce using rule 109 (Exp)]
    OR        reduce using rule 97 (Exp)
    OR        [reduce using rule 109 (Exp)]
    DOT       reduce using rule 97 (Exp)
    DOT       [reduce using rule 109 (Exp)]
    RP        reduce using rule 97 (Exp)
    RP        [reduce using rule 109 (Exp)]
    LB        reduce using rule 97 (Exp)
    LB        [reduce using rule 109 (Exp)]
    RB        reduce using rule 97 (Exp)
    RB        [reduce using rule 109 (Exp)]
    $default  reduce using rule 97 (Exp)


State 158

   78 Exp: Exp . ASSIGNOP Exp
   79    | Exp . AND Exp
   79    | Exp AND Exp .
   80    | Exp . OR Exp
   81    | Exp . RELOP Exp
   82    | Exp . PLUS Exp
   83    | Exp . MINUS Exp
   84    | Exp . STAR Exp
   85    | Exp . DIV Exp
   91    | Exp . LB Exp RB
   92    | Exp . DOT ID
   96    | Exp . ASSIGNOP error
   97    | Exp . AND error
   98    | Exp . OR error
   99    | Exp . RELOP error
  100    | Exp . PLUS error
  101    | Exp . MINUS error
  102    | Exp . STAR error
  103    | Exp . DIV error
  108    | Exp . LB error RB

    RELOP  shift, and go to state 113
    PLUS   shift, and go to state 114
    MINUS  shift, and go to state 115
    STAR   shift, and go to state 116
    DIV    shift, and go to state 117
    DOT    shift, and go to state 120
    LB     shift, and go to state 121

    $default  reduce using rule 79 (Exp)


State 159

   98 Exp: Exp OR error .
  109    | error .

    error     reduce using rule 98 (Exp)
    error     [reduce using rule 109 (Exp)]
    SEMI      reduce using rule 98 (Exp)
    SEMI      [reduce using rule 109 (Exp)]
    COMMA     reduce using rule 98 (Exp)
    COMMA     [reduce using rule 109 (Exp)]
    ASSIGNOP  reduce using rule 98 (Exp)
    ASSIGNOP  [reduce using rule 109 (Exp)]
    RELOP     reduce using rule 98 (Exp)
    RELOP     [reduce using rule 109 (Exp)]
    PLUS      reduce using rule 98 (Exp)
    PLUS      [reduce using rule 109 (Exp)]
    MINUS     reduce using rule 98 (Exp)
    MINUS     [reduce using rule 109 (Exp)]
    STAR      reduce using rule 98 (Exp)
    STAR      [reduce using rule 109 (Exp)]
    DIV       reduce using rule 98 (Exp)
    DIV       [reduce using rule 109 (Exp)]
    AND       reduce using rule 98 (Exp)
    AND       [reduce using rule 109 (Exp)]
    OR        reduce using rule 98 (Exp)
    OR        [reduce using rule 109 (Exp)]
    DOT       reduce using rule 98 (Exp)
    DOT       [reduce using rule 109 (Exp)]
    RP        reduce using rule 98 (Exp)
    RP        [reduce using rule 109 (Exp)]
    LB        reduce using rule 98 (Exp)
    LB        [reduce using rule 109 (Exp)]
    RB        reduce using rule 98 (Exp)
    RB        [reduce using rule 109 (Exp)]
    $default  reduce using rule 98 (Exp)


State 160

   78 Exp: Exp . ASSIGNOP Exp
   79    | Exp . AND Exp
   80    | Exp . OR Exp
   80    | Exp OR Exp .
   81    | Exp . RELOP Exp
   82    | Exp . PLUS Exp
   83    | Exp . MINUS Exp
   84    | Exp . STAR Exp
   85    | Exp . DIV Exp
   91    | Exp . LB Exp RB
   92    | Exp . DOT ID
   96    | Exp . ASSIGNOP error
   97    | Exp . AND error
   98    | Exp . OR error
   99    | Exp . RELOP error
  100    | Exp . PLUS error
  101    | Exp . MINUS error
  102    | Exp . STAR error
  103    | Exp . DIV error
  108    | Exp . LB error RB

    RELOP  shift, and go to state 113
    PLUS   shift, and go to state 114
    MINUS  shift, and go to state 115
    STAR   shift, and go to state 116
    DIV    shift, and go to state 117
    AND    shift, and go to state 118
    DOT    shift, and go to state 120
    LB     shift, and go to state 121

    $default  reduce using rule 80 (Exp)


State 161

   92 Exp: Exp DOT ID .

    $default  reduce using rule 92 (Exp)


State 162

  108 Exp: Exp LB error . RB
  109    | error .

    RB  shift, and go to state 175

    RB        [reduce using rule 109 (Exp)]
    $default  reduce using rule 109 (Exp)


State 163

   78 Exp: Exp . ASSIGNOP Exp
   79    | Exp . AND Exp
   80    | Exp . OR Exp
   81    | Exp . RELOP Exp
   82    | Exp . PLUS Exp
   83    | Exp . MINUS Exp
   84    | Exp . STAR Exp
   85    | Exp . DIV Exp
   91    | Exp . LB Exp RB
   91    | Exp LB Exp . RB
   92    | Exp . DOT ID
   96    | Exp . ASSIGNOP error
   97    | Exp . AND error
   98    | Exp . OR error
   99    | Exp . RELOP error
  100    | Exp . PLUS error
  101    | Exp . MINUS error
  102    | Exp . STAR error
  103    | Exp . DIV error
  108    | Exp . LB error RB

    ASSIGNOP  shift, and go to state 112
    RELOP     shift, and go to state 113
    PLUS      shift, and go to state 114
    MINUS     shift, and go to state 115
    STAR      shift, and go to state 116
    DIV       shift, and go to state 117
    AND       shift, and go to state 118
    OR        shift, and go to state 119
    DOT       shift, and go to state 120
    LB        shift, and go to state 121
    RB        shift, and go to state 176


State 164

  107 Exp: ID LP error RP .

    $default  reduce using rule 107 (Exp)


State 165

  110 Args: Exp COMMA . Args

    error  shift, and go to state 127
    INT    shift, and go to state 59
    FLOAT  shift, and go to state 60
    ID     shift, and go to state 61
    MINUS  shift, and go to state 62
    NOT    shift, and go to state 63
    LP     shift, and go to state 64

    Exp   go to state 132
    Args  go to state 177


State 166

   89 Exp: ID LP Args RP .

    $default  reduce using rule 89 (Exp)


State 167

   65 Stmt: IF error Exp RP . Stmt

    error   shift, and go to state 58
    INT     shift, and go to state 59
    FLOAT   shift, and go to state 60
    ID      shift, and go to state 61
    MINUS   shift, and go to state 62
    NOT     shift, and go to state 63
    TYPE    shift, and go to state 2
    LP      shift, and go to state 64
    LC      shift, and go to state 32
    STRUCT  shift, and go to state 3
    RETURN  shift, and go to state 65
    IF      shift, and go to state 66
    WHILE   shift, and go to state 67

    error   [reduce using rule 70 (DefList)]
    INT     [reduce using rule 70 (DefList)]
    FLOAT   [reduce using rule 70 (DefList)]
    ID      [reduce using rule 70 (DefList)]
    MINUS   [reduce using rule 70 (DefList)]
    NOT     [reduce using rule 70 (DefList)]
    TYPE    [reduce using rule 70 (DefList)]
    LP      [reduce using rule 70 (DefList)]
    LC      [reduce using rule 70 (DefList)]
    RC      reduce using rule 70 (DefList)
    STRUCT  [reduce using rule 70 (DefList)]
    RETURN  [reduce using rule 70 (DefList)]
    IF      [reduce using rule 70 (DefList)]
    WHILE   [reduce using rule 70 (DefList)]

    Specifier        go to state 33
    StructSpecifier  go to state 8
    CompSt           go to state 68
    Stmt             go to state 178
    DefList          go to state 35
    Def              go to state 36
    Exp              go to state 71


State 168

   64 Stmt: IF LP error RP . Stmt

    error   shift, and go to state 58
    INT     shift, and go to state 59
    FLOAT   shift, and go to state 60
    ID      shift, and go to state 61
    MINUS   shift, and go to state 62
    NOT     shift, and go to state 63
    TYPE    shift, and go to state 2
    LP      shift, and go to state 64
    LC      shift, and go to state 32
    STRUCT  shift, and go to state 3
    RETURN  shift, and go to state 65
    IF      shift, and go to state 66
    WHILE   shift, and go to state 67

    error   [reduce using rule 70 (DefList)]
    INT     [reduce using rule 70 (DefList)]
    FLOAT   [reduce using rule 70 (DefList)]
    ID      [reduce using rule 70 (DefList)]
    MINUS   [reduce using rule 70 (DefList)]
    NOT     [reduce using rule 70 (DefList)]
    TYPE    [reduce using rule 70 (DefList)]
    LP      [reduce using rule 70 (DefList)]
    LC      [reduce using rule 70 (DefList)]
    RC      reduce using rule 70 (DefList)
    STRUCT  [reduce using rule 70 (DefList)]
    RETURN  [reduce using rule 70 (DefList)]
    IF      [reduce using rule 70 (DefList)]
    WHILE   [reduce using rule 70 (DefList)]

    Specifier        go to state 33
    StructSpecifier  go to state 8
    CompSt           go to state 68
    Stmt             go to state 179
    DefList          go to state 35
    Def              go to state 36
    Exp              go to state 71


State 169

   63 Stmt: IF LP Exp error . Stmt

    error   shift, and go to state 58
    INT     shift, and go to state 59
    FLOAT   shift, and go to state 60
    ID      shift, and go to state 61
    MINUS   shift, and go to state 62
    NOT     shift, and go to state 63
    TYPE    shift, and go to state 2
    LP      shift, and go to state 64
    LC      shift, and go to state 32
    STRUCT  shift, and go to state 3
    RETURN  shift, and go to state 65
    IF      shift, and go to state 66
    WHILE   shift, and go to state 67

    error   [reduce using rule 70 (DefList)]
    INT     [reduce using rule 70 (DefList)]
    FLOAT   [reduce using rule 70 (DefList)]
    ID      [reduce using rule 70 (DefList)]
    MINUS   [reduce using rule 70 (DefList)]
    NOT     [reduce using rule 70 (DefList)]
    TYPE    [reduce using rule 70 (DefList)]
    LP      [reduce using rule 70 (DefList)]
    LC      [reduce using rule 70 (DefList)]
    RC      reduce using rule 70 (DefList)
    STRUCT  [reduce using rule 70 (DefList)]
    RETURN  [reduce using rule 70 (DefList)]
    IF      [reduce using rule 70 (DefList)]
    WHILE   [reduce using rule 70 (DefList)]

    Specifier        go to state 33
    StructSpecifier  go to state 8
    CompSt           go to state 68
    Stmt             go to state 180
    DefList          go to state 35
    Def              go to state 36
    Exp              go to state 71


State 170

   56 Stmt: IF LP Exp RP . Stmt
   57     | IF LP Exp RP . Stmt ELSE Stmt

    error   shift, and go to state 58
    INT     shift, and go to state 59
    FLOAT   shift, and go to state 60
    ID      shift, and go to state 61
    MINUS   shift, and go to state 62
    NOT     shift, and go to state 63
    TYPE    shift, and go to state 2
    LP      shift, and go to state 64
    LC      shift, and go to state 32
    STRUCT  shift, and go to state 3
    RETURN  shift, and go to state 65
    IF      shift, and go to state 66
    WHILE   shift, and go to state 67

    error   [reduce using rule 70 (DefList)]
    INT     [reduce using rule 70 (DefList)]
    FLOAT   [reduce using rule 70 (DefList)]
    ID      [reduce using rule 70 (DefList)]
    MINUS   [reduce using rule 70 (DefList)]
    NOT     [reduce using rule 70 (DefList)]
    TYPE    [reduce using rule 70 (DefList)]
    LP      [reduce using rule 70 (DefList)]
    LC      [reduce using rule 70 (DefList)]
    RC      reduce using rule 70 (DefList)
    STRUCT  [reduce using rule 70 (DefList)]
    RETURN  [reduce using rule 70 (DefList)]
    IF      [reduce using rule 70 (DefList)]
    WHILE   [reduce using rule 70 (DefList)]

    Specifier        go to state 33
    StructSpecifier  go to state 8
    CompSt           go to state 68
    Stmt             go to state 181
    DefList          go to state 35
    Def              go to state 36
    Exp              go to state 71


State 171

   68 Stmt: WHILE error Exp RP . Stmt

    error   shift, and go to state 58
    INT     shift, and go to state 59
    FLOAT   shift, and go to state 60
    ID      shift, and go to state 61
    MINUS   shift, and go to state 62
    NOT     shift, and go to state 63
    TYPE    shift, and go to state 2
    LP      shift, and go to state 64
    LC      shift, and go to state 32
    STRUCT  shift, and go to state 3
    RETURN  shift, and go to state 65
    IF      shift, and go to state 66
    WHILE   shift, and go to state 67

    error   [reduce using rule 70 (DefList)]
    INT     [reduce using rule 70 (DefList)]
    FLOAT   [reduce using rule 70 (DefList)]
    ID      [reduce using rule 70 (DefList)]
    MINUS   [reduce using rule 70 (DefList)]
    NOT     [reduce using rule 70 (DefList)]
    TYPE    [reduce using rule 70 (DefList)]
    LP      [reduce using rule 70 (DefList)]
    LC      [reduce using rule 70 (DefList)]
    RC      reduce using rule 70 (DefList)
    STRUCT  [reduce using rule 70 (DefList)]
    RETURN  [reduce using rule 70 (DefList)]
    IF      [reduce using rule 70 (DefList)]
    WHILE   [reduce using rule 70 (DefList)]

    Specifier        go to state 33
    StructSpecifier  go to state 8
    CompSt           go to state 68
    Stmt             go to state 182
    DefList          go to state 35
    Def              go to state 36
    Exp              go to state 71


State 172

   67 Stmt: WHILE LP error RP . Stmt

    error   shift, and go to state 58
    INT     shift, and go to state 59
    FLOAT   shift, and go to state 60
    ID      shift, and go to state 61
    MINUS   shift, and go to state 62
    NOT     shift, and go to state 63
    TYPE    shift, and go to state 2
    LP      shift, and go to state 64
    LC      shift, and go to state 32
    STRUCT  shift, and go to state 3
    RETURN  shift, and go to state 65
    IF      shift, and go to state 66
    WHILE   shift, and go to state 67

    error   [reduce using rule 70 (DefList)]
    INT     [reduce using rule 70 (DefList)]
    FLOAT   [reduce using rule 70 (DefList)]
    ID      [reduce using rule 70 (DefList)]
    MINUS   [reduce using rule 70 (DefList)]
    NOT     [reduce using rule 70 (DefList)]
    TYPE    [reduce using rule 70 (DefList)]
    LP      [reduce using rule 70 (DefList)]
    LC      [reduce using rule 70 (DefList)]
    RC      reduce using rule 70 (DefList)
    STRUCT  [reduce using rule 70 (DefList)]
    RETURN  [reduce using rule 70 (DefList)]
    IF      [reduce using rule 70 (DefList)]
    WHILE   [reduce using rule 70 (DefList)]

    Specifier        go to state 33
    StructSpecifier  go to state 8
    CompSt           go to state 68
    Stmt             go to state 183
    DefList          go to state 35
    Def              go to state 36
    Exp              go to state 71


State 173

   66 Stmt: WHILE LP Exp error . Stmt

    error   shift, and go to state 58
    INT     shift, and go to state 59
    FLOAT   shift, and go to state 60
    ID      shift, and go to state 61
    MINUS   shift, and go to state 62
    NOT     shift, and go to state 63
    TYPE    shift, and go to state 2
    LP      shift, and go to state 64
    LC      shift, and go to state 32
    STRUCT  shift, and go to state 3
    RETURN  shift, and go to state 65
    IF      shift, and go to state 66
    WHILE   shift, and go to state 67

    error   [reduce using rule 70 (DefList)]
    INT     [reduce using rule 70 (DefList)]
    FLOAT   [reduce using rule 70 (DefList)]
    ID      [reduce using rule 70 (DefList)]
    MINUS   [reduce using rule 70 (DefList)]
    NOT     [reduce using rule 70 (DefList)]
    TYPE    [reduce using rule 70 (DefList)]
    LP      [reduce using rule 70 (DefList)]
    LC      [reduce using rule 70 (DefList)]
    RC      reduce using rule 70 (DefList)
    STRUCT  [reduce using rule 70 (DefList)]
    RETURN  [reduce using rule 70 (DefList)]
    IF      [reduce using rule 70 (DefList)]
    WHILE   [reduce using rule 70 (DefList)]

    Specifier        go to state 33
    StructSpecifier  go to state 8
    CompSt           go to state 68
    Stmt             go to state 184
    DefList          go to state 35
    Def              go to state 36
    Exp              go to state 71


State 174

   58 Stmt: WHILE LP Exp RP . Stmt

    error   shift, and go to state 58
    INT     shift, and go to state 59
    FLOAT   shift, and go to state 60
    ID      shift, and go to state 61
    MINUS   shift, and go to state 62
    NOT     shift, and go to state 63
    TYPE    shift, and go to state 2
    LP      shift, and go to state 64
    LC      shift, and go to state 32
    STRUCT  shift, and go to state 3
    RETURN  shift, and go to state 65
    IF      shift, and go to state 66
    WHILE   shift, and go to state 67

    error   [reduce using rule 70 (DefList)]
    INT     [reduce using rule 70 (DefList)]
    FLOAT   [reduce using rule 70 (DefList)]
    ID      [reduce using rule 70 (DefList)]
    MINUS   [reduce using rule 70 (DefList)]
    NOT     [reduce using rule 70 (DefList)]
    TYPE    [reduce using rule 70 (DefList)]
    LP      [reduce using rule 70 (DefList)]
    LC      [reduce using rule 70 (DefList)]
    RC      reduce using rule 70 (DefList)
    STRUCT  [reduce using rule 70 (DefList)]
    RETURN  [reduce using rule 70 (DefList)]
    IF      [reduce using rule 70 (DefList)]
    WHILE   [reduce using rule 70 (DefList)]

    Specifier        go to state 33
    StructSpecifier  go to state 8
    CompSt           go to state 68
    Stmt             go to state 185
    DefList          go to state 35
    Def              go to state 36
    Exp              go to state 71


State 175

  108 Exp: Exp LB error RB .

    $default  reduce using rule 108 (Exp)


State 176

   91 Exp: Exp LB Exp RB .

    $default  reduce using rule 91 (Exp)


State 177

  110 Args: Exp COMMA Args .

    $default  reduce using rule 110 (Args)


State 178

   65 Stmt: IF error Exp RP Stmt .

    $default  reduce using rule 65 (Stmt)


State 179

   64 Stmt: IF LP error RP Stmt .

    $default  reduce using rule 64 (Stmt)


State 180

   63 Stmt: IF LP Exp error Stmt .

    $default  reduce using rule 63 (Stmt)


State 181

   56 Stmt: IF LP Exp RP Stmt .
   57     | IF LP Exp RP Stmt . ELSE Stmt

    ELSE  shift, and go to state 186

    $default  reduce using rule 56 (Stmt)


State 182

   68 Stmt: WHILE error Exp RP Stmt .

    $default  reduce using rule 68 (Stmt)


State 183

   67 Stmt: WHILE LP error RP Stmt .

    $default  reduce using rule 67 (Stmt)


State 184

   66 Stmt: WHILE LP Exp error Stmt .

    $default  reduce using rule 66 (Stmt)


State 185

   58 Stmt: WHILE LP Exp RP Stmt .

    $default  reduce using rule 58 (Stmt)


State 186

   57 Stmt: IF LP Exp RP Stmt ELSE . Stmt

    error   shift, and go to state 58
    INT     shift, and go to state 59
    FLOAT   shift, and go to state 60
    ID      shift, and go to state 61
    MINUS   shift, and go to state 62
    NOT     shift, and go to state 63
    TYPE    shift, and go to state 2
    LP      shift, and go to state 64
    LC      shift, and go to state 32
    STRUCT  shift, and go to state 3
    RETURN  shift, and go to state 65
    IF      shift, and go to state 66
    WHILE   shift, and go to state 67

    error   [reduce using rule 70 (DefList)]
    INT     [reduce using rule 70 (DefList)]
    FLOAT   [reduce using rule 70 (DefList)]
    ID      [reduce using rule 70 (DefList)]
    MINUS   [reduce using rule 70 (DefList)]
    NOT     [reduce using rule 70 (DefList)]
    TYPE    [reduce using rule 70 (DefList)]
    LP      [reduce using rule 70 (DefList)]
    LC      [reduce using rule 70 (DefList)]
    RC      reduce using rule 70 (DefList)
    STRUCT  [reduce using rule 70 (DefList)]
    RETURN  [reduce using rule 70 (DefList)]
    IF      [reduce using rule 70 (DefList)]
    WHILE   [reduce using rule 70 (DefList)]

    Specifier        go to state 33
    StructSpecifier  go to state 8
    CompSt           go to state 68
    Stmt             go to state 187
    DefList          go to state 35
    Def              go to state 36
    Exp              go to state 71


State 187

   57 Stmt: IF LP Exp RP Stmt ELSE Stmt .

    $default  reduce using rule 57 (Stmt)
